<?xml version="1.0" encoding="UTF-8"?>
<!-- Generated by org.testng.reporters.JUnitReportReporter -->
<testsuite hostname="LAPTOP-6628VBM4" failures="0" tests="4" name="api.testcases.UserTest" time="7.716" errors="0" timestamp="2025-03-16T20:12:20 CET" skipped="0">
  <testcase classname="api.testcases.UserTest" name="testCreateUser" time="3.443"/>
  <testcase classname="api.testcases.UserTest" name="testGetUserData" time="1.089"/>
  <testcase classname="api.testcases.UserTest" name="testUpdateUser" time="2.132"/>
  <testcase classname="api.testcases.UserTest" name="deleteUser" time="1.052"/>
</testsuite> <!-- api.testcases.UserTest -->
